<?xml version="1.0" encoding="UTF-8"?>
<!-- Generated by org.testng.reporters.JUnitXMLReporter -->
<testsuite ignored="0" hostname="DESKTOP-GPMUPMF" failures="2" tests="2" name="Test" time="0.063" errors="0" timestamp="2023-05-24T11:52:59 EDT">
  <testcase classname="com.qt.stepdefinitios.TestCases" name="CreateAccount" time="0.031">
    <failure type="java.lang.NullPointerException" message="Cannot invoke &amp;quot;com.relevantcodes.extentreports.ExtentTest.log(com.relevantcodes.extentreports.LogStatus, String)&amp;quot; because the return value of &amp;quot;java.lang.ThreadLocal.get()&amp;quot; is null">
      <![CDATA[java.lang.NullPointerException: Cannot invoke "com.relevantcodes.extentreports.ExtentTest.log(com.relevantcodes.extentreports.LogStatus, String)" because the return value of "java.lang.ThreadLocal.get()" is null
at com.qt.framework.ExtentReport.logReport(ExtentReport.java:23)
at com.qt.utils.CommonMethods.clickElement(CommonMethods.java:38)
at com.qt.pom.LoginPage.clickCreateAccount(LoginPage.java:24)
at com.qt.stepdefinitios.TestCases.CreateAccount(TestCases.java:25)
at java.base/java.util.ArrayList.forEach(ArrayList.java:1511)
... Removed 27 stack frames]]>
    </failure>
  </testcase> <!-- CreateAccount -->
  <testcase classname="com.qt.stepdefinitios.TestCases" name="CreateAccount1" time="0.001">
    <failure type="java.lang.NullPointerException" message="Cannot invoke &amp;quot;com.relevantcodes.extentreports.ExtentTest.log(com.relevantcodes.extentreports.LogStatus, String)&amp;quot; because the return value of &amp;quot;java.lang.ThreadLocal.get()&amp;quot; is null">
      <![CDATA[java.lang.NullPointerException: Cannot invoke "com.relevantcodes.extentreports.ExtentTest.log(com.relevantcodes.extentreports.LogStatus, String)" because the return value of "java.lang.ThreadLocal.get()" is null
at com.qt.framework.ExtentReport.logReport(ExtentReport.java:23)
at com.qt.utils.CommonMethods.clickElement(CommonMethods.java:38)
at com.qt.pom.LoginPage.clickCreateAccount(LoginPage.java:24)
at com.qt.stepdefinitios.TestCases.CreateAccount1(TestCases.java:33)
at java.base/java.util.ArrayList.forEach(ArrayList.java:1511)
... Removed 27 stack frames]]>
    </failure>
  </testcase> <!-- CreateAccount1 -->
</testsuite> <!-- Test -->
